<?xml version="1.0" encoding="UTF-8"?>
<testsuite name="runners.ChromeTest" tests="0" skipped="0" failures="0" errors="0" timestamp="1970-01-01T00:00:00" hostname="INOTE409" time="0.0">
  <properties/>
  <system-out><![CDATA[# encoding: utf-8
# language: pt
Funcionalidade: Login

  @teste1
  Cenario: Login no site                         ?[90m# login.feature:7?[0m
    ?[32mDado ?[0m?[32mque um usuario entre com o user "?[0m?[32m?[1madmin?[0m?[32m"?[0m ?[90m# LoginSteps.queUmUsuarioEntreComOUser(String)?[0m
    ?[32mE ?[0m?[32ma senha "?[0m?[32m?[1madmin?[0m?[32m"?[0m                            ?[90m# LoginSteps.aSenha(String)?[0m
    ?[33mQuando ?[0m?[33mclicar no botão login?[0m
    ?[36mEntao ?[0m?[36mdeve ocorrer o login com sucesso?[0m       ?[90m# LoginSteps.deveOcorrerOLoginComSucesso()?[0m

1 Scenarios (?[33m1 undefined?[0m)
4 Steps (?[36m1 skipped?[0m, ?[33m1 undefined?[0m, ?[32m2 passed?[0m)
0m0.408s


You can implement missing steps with the snippets below:

@Quando("^clicar no botão login$")
public void clicar_no_botão_login() throws Throwable {
    // Write code here that turns the phrase above into concrete actions
    throw new PendingException();
}

]]></system-out>
  <system-err><![CDATA[Starting ChromeDriver 79.0.3945.36 (3582db32b33893869b8c1339e8f4d9ed1816f143-refs/branch-heads/3945@{#614}) on port 46767
Only local connections are allowed.
Please protect ports used by ChromeDriver and related test frameworks to prevent access by malicious code.
[1576534847.796][WARNING]: Timed out connecting to Chrome, retrying...
]]></system-err>
</testsuite>
